memories/build/outputs/logs/manifest-merger-debug-report.txt
-- Merging decision tree log ---
manifest
ADDED from AndroidManifest.xml:2:1
	package
		ADDED from AndroidManifest.xml:3:5
		INJECTED from AndroidManifest.xml:0:0
		INJECTED from AndroidManifest.xml:0:0
	android:versionName
		ADDED from AndroidManifest.xml:5:5
	android:versionCode
		ADDED from AndroidManifest.xml:4:5
		INJECTED from AndroidManifest.xml:0:0
		INJECTED from AndroidManifest.xml:0:0
	xmlns:android
		ADDED from AndroidManifest.xml:2:11
uses-sdk
ADDED from AndroidManifest.xml:7:5
MERGED from TJAndroidStudio:flotingMenuLibrary:unspecified:7:5
MERGED from com.android.support:support-v4:22.2.0:20:5
MERGED from com.android.support:appcompat-v7:22.2.0:20:5
MERGED from com.android.support:support-v4:22.2.0:20:5
MERGED from com.android.support:support-v4:22.2.0:20:5
MERGED from com.android.support:appcompat-v7:22.2.0:20:5
MERGED from com.android.support:support-v4:22.2.0:20:5
MERGED from com.android.support:design:22.2.0:20:5
MERGED from com.android.support:appcompat-v7:22.2.0:20:5
MERGED from com.android.support:support-v4:22.2.0:20:5
MERGED from com.android.support:support-v4:22.2.0:20:5
MERGED from com.google.android.gms:play-services:6.1.71:15:5
MERGED from com.android.support:support-v4:22.2.0:20:5
MERGED from com.android.support:cardview-v7:21.0.3:15:5
MERGED from de.hdodenhof:circleimageview:1.3.0:5:5
MERGED from com.github.chrisbanes.photoview:library:1.2.3:2:5
MERGED from com.android.support:support-v4:22.2.0:20:5
MERGED from com.squareup.leakcanary:leakcanary-android:1.3.1:20:5
	android:targetSdkVersion
		ADDED from AndroidManifest.xml:9:9
		INJECTED from AndroidManifest.xml:0:0
		INJECTED from AndroidManifest.xml:0:0
	android:minSdkVersion
		ADDED from AndroidManifest.xml:8:9
		INJECTED from AndroidManifest.xml:0:0
		INJECTED from AndroidManifest.xml:0:0
uses-permission#android.permission.INTERNET
ADDED from AndroidManifest.xml:11:5
	android:name
		ADDED from AndroidManifest.xml:11:22
uses-permission#android.permission.ACCESS_NETWORK_STATE
ADDED from AndroidManifest.xml:12:5
	android:name
		ADDED from AndroidManifest.xml:12:22
uses-permission#android.permission.READ_CONTACTS
ADDED from AndroidManifest.xml:13:5
	android:name
		ADDED from AndroidManifest.xml:13:22
uses-permission#android.permission.WRITE_EXTERNAL_STORAGE
ADDED from AndroidManifest.xml:14:5
MERGED from com.squareup.leakcanary:leakcanary-android:1.3.1:25:5
	android:name
		ADDED from AndroidManifest.xml:14:22
uses-permission#android.permission.ACCESS_FINE_LOCATION
ADDED from AndroidManifest.xml:15:5
	android:name
		ADDED from AndroidManifest.xml:15:22
uses-permission#android.permission.GET_ACCOUNTS
ADDED from AndroidManifest.xml:16:5
	android:name
		ADDED from AndroidManifest.xml:16:22
uses-permission#android.permission.RECORD_AUDIO
ADDED from AndroidManifest.xml:17:5
	android:name
		ADDED from AndroidManifest.xml:17:22
uses-permission#android.permission.SEND_SMS
ADDED from AndroidManifest.xml:18:5
	android:name
		ADDED from AndroidManifest.xml:18:22
uses-permission#android.permission.RECEIVE_SMS
ADDED from AndroidManifest.xml:19:5
	android:name
		ADDED from AndroidManifest.xml:19:22
uses-permission#android.permission.READ_SMS
ADDED from AndroidManifest.xml:20:5
	android:name
		ADDED from AndroidManifest.xml:20:22
uses-permission#android.permission.CAMERA
ADDED from AndroidManifest.xml:21:5
	android:name
		ADDED from AndroidManifest.xml:21:22
uses-permission#android.permission.WAKE_LOCK
ADDED from AndroidManifest.xml:22:5
	android:name
		ADDED from AndroidManifest.xml:22:22
uses-permission#com.example.memories.permission.C2D_MESSAGE
ADDED from AndroidManifest.xml:23:5
	android:name
		ADDED from AndroidManifest.xml:23:22
uses-permission#com.google.android.c2dm.permission.RECEIVE
ADDED from AndroidManifest.xml:24:5
	android:name
		ADDED from AndroidManifest.xml:24:22
uses-permission#android.permission.VIBRATE
ADDED from AndroidManifest.xml:25:5
	android:name
		ADDED from AndroidManifest.xml:25:22
uses-feature#android.hardware.camera
ADDED from AndroidManifest.xml:27:5
	android:name
		ADDED from AndroidManifest.xml:27:19
application
ADDED from AndroidManifest.xml:29:5
MERGED from TJAndroidStudio:flotingMenuLibrary:unspecified:11:5
MERGED from com.android.support:support-v4:22.2.0:22:5
MERGED from com.android.support:appcompat-v7:22.2.0:22:5
MERGED from com.android.support:support-v4:22.2.0:22:5
MERGED from com.android.support:support-v4:22.2.0:22:5
MERGED from com.android.support:appcompat-v7:22.2.0:22:5
MERGED from com.android.support:support-v4:22.2.0:22:5
MERGED from com.android.support:design:22.2.0:22:5
MERGED from com.android.support:appcompat-v7:22.2.0:22:5
MERGED from com.android.support:support-v4:22.2.0:22:5
MERGED from com.android.support:support-v4:22.2.0:22:5
MERGED from com.google.android.gms:play-services:6.1.71:16:5
MERGED from com.android.support:support-v4:22.2.0:22:5
MERGED from com.android.support:cardview-v7:21.0.3:16:5
MERGED from de.hdodenhof:circleimageview:1.3.0:9:5
MERGED from com.github.chrisbanes.photoview:library:1.2.3:4:5
MERGED from com.android.support:support-v4:22.2.0:22:5
MERGED from com.squareup.leakcanary:leakcanary-android:1.3.1:27:5
	android:label
		ADDED from AndroidManifest.xml:34:9
	android:hardwareAccelerated
		ADDED from com.github.chrisbanes.photoview:library:1.2.3:4:45
	android:allowBackup
		ADDED from AndroidManifest.xml:31:9
	android:icon
		ADDED from AndroidManifest.xml:33:9
	android:largeHeap
		ADDED from AndroidManifest.xml:32:9
	android:theme
		ADDED from AndroidManifest.xml:35:9
	android:name
		ADDED from AndroidManifest.xml:30:9
activity#com.traveljar.memories.login.SplashScreen
ADDED from AndroidManifest.xml:36:9
	android:label
		ADDED from AndroidManifest.xml:39:13
	android:name
		ADDED from AndroidManifest.xml:37:13
intent-filter#android.intent.action.MAIN+android.intent.category.LAUNCHER
ADDED from AndroidManifest.xml:40:13
action#android.intent.action.MAIN
ADDED from AndroidManifest.xml:41:17
	android:name
		ADDED from AndroidManifest.xml:41:25
category#android.intent.category.LAUNCHER
ADDED from AndroidManifest.xml:43:17
	android:name
		ADDED from AndroidManifest.xml:43:27
activity#com.traveljar.memories.login.SignIn
ADDED from AndroidManifest.xml:46:9
	android:label
		ADDED from AndroidManifest.xml:49:13
	android:name
		ADDED from AndroidManifest.xml:47:13
activity#com.traveljar.memories.login.SignUp
ADDED from AndroidManifest.xml:50:9
	android:label
		ADDED from AndroidManifest.xml:53:13
	android:name
		ADDED from AndroidManifest.xml:51:13
activity#com.traveljar.memories.login.NumberVerificationActivity
ADDED from AndroidManifest.xml:54:9
	android:label
		ADDED from AndroidManifest.xml:57:13
	android:name
		ADDED from AndroidManifest.xml:55:13
activity#com.traveljar.memories.login.NumberVerificationActivity2
ADDED from AndroidManifest.xml:58:9
	android:label
		ADDED from AndroidManifest.xml:61:13
	android:name
		ADDED from AndroidManifest.xml:59:13
activity#com.traveljar.memories.BaseActivity
ADDED from AndroidManifest.xml:62:9
	android:label
		ADDED from AndroidManifest.xml:65:13
	android:name
		ADDED from AndroidManifest.xml:63:13
activity#com.traveljar.memories.checkin.CheckInPlacesList
ADDED from AndroidManifest.xml:66:9
	android:label
		ADDED from AndroidManifest.xml:69:13
	android:name
		ADDED from AndroidManifest.xml:67:13
activity#com.traveljar.memories.checkin.CheckInPreview
ADDED from AndroidManifest.xml:70:9
	android:label
		ADDED from AndroidManifest.xml:73:13
	android:name
		ADDED from AndroidManifest.xml:71:13
activity#com.traveljar.memories.checkin.CheckInFriendsList
ADDED from AndroidManifest.xml:74:9
	android:label
		ADDED from AndroidManifest.xml:77:13
	android:name
		ADDED from AndroidManifest.xml:75:13
activity#com.traveljar.memories.checkin.CheckinDetail
ADDED from AndroidManifest.xml:78:9
	android:label
		ADDED from AndroidManifest.xml:81:13
	android:name
		ADDED from AndroidManifest.xml:79:13
activity#com.traveljar.memories.picture.PictureCapture
ADDED from AndroidManifest.xml:82:9
	android:label
		ADDED from AndroidManifest.xml:84:13
	android:name
		ADDED from AndroidManifest.xml:83:13
activity#com.traveljar.memories.picture.CapturePicture
ADDED from AndroidManifest.xml:85:9
	android:label
		ADDED from AndroidManifest.xml:87:13
	android:name
		ADDED from AndroidManifest.xml:86:13
activity#com.traveljar.memories.moods.MoodCapture
ADDED from AndroidManifest.xml:88:9
	android:label
		ADDED from AndroidManifest.xml:91:13
	android:name
		ADDED from AndroidManifest.xml:89:13
activity#com.traveljar.memories.audio.AudioCapture
ADDED from AndroidManifest.xml:92:9
	android:label
		ADDED from AndroidManifest.xml:95:13
	android:name
		ADDED from AndroidManifest.xml:93:13
activity#com.traveljar.memories.gallery.GalleryAudios
ADDED from AndroidManifest.xml:96:9
	android:label
		ADDED from AndroidManifest.xml:99:13
	android:name
		ADDED from AndroidManifest.xml:97:13
activity#com.traveljar.memories.picture.PictureDetail
ADDED from AndroidManifest.xml:100:9
	android:label
		ADDED from AndroidManifest.xml:103:13
	android:name
		ADDED from AndroidManifest.xml:101:13
activity#com.traveljar.memories.picture.PicturePreview
ADDED from AndroidManifest.xml:104:9
	android:label
		ADDED from AndroidManifest.xml:107:13
	android:name
		ADDED from AndroidManifest.xml:105:13
activity#com.traveljar.memories.gallery.GalleryPhotos
ADDED from AndroidManifest.xml:108:9
	android:label
		ADDED from AndroidManifest.xml:111:13
	android:name
		ADDED from AndroidManifest.xml:109:13
activity#com.traveljar.memories.gallery.GalleryBaseActivity
ADDED from AndroidManifest.xml:112:9
	android:label
		ADDED from AndroidManifest.xml:115:13
	android:name
		ADDED from AndroidManifest.xml:113:13
activity#com.traveljar.memories.gallery.GalleryPhotoDetail
ADDED from AndroidManifest.xml:116:9
	android:label
		ADDED from AndroidManifest.xml:119:13
	android:theme
		ADDED from AndroidManifest.xml:120:13
	android:name
		ADDED from AndroidManifest.xml:117:13
activity#com.traveljar.memories.pastjourney.PastJourneyList
ADDED from AndroidManifest.xml:121:9
	android:label
		ADDED from AndroidManifest.xml:124:13
	android:name
		ADDED from AndroidManifest.xml:122:13
activity#com.traveljar.memories.newjourney.SelectedFriendsList
ADDED from AndroidManifest.xml:125:9
	android:label
		ADDED from AndroidManifest.xml:128:13
	android:name
		ADDED from AndroidManifest.xml:126:13
activity#com.traveljar.memories.newjourney.AllFriendsList
ADDED from AndroidManifest.xml:129:9
	android:label
		ADDED from AndroidManifest.xml:132:13
	android:name
		ADDED from AndroidManifest.xml:130:13
activity#com.traveljar.memories.newjourney.NewJourneyDetail
ADDED from AndroidManifest.xml:133:9
	android:label
		ADDED from AndroidManifest.xml:136:13
	android:name
		ADDED from AndroidManifest.xml:134:13
activity#com.traveljar.memories.currentjourney.CurrentJourneyBaseActivity
ADDED from AndroidManifest.xml:137:9
	android:label
		ADDED from AndroidManifest.xml:140:13
	android:name
		ADDED from AndroidManifest.xml:138:13
activity#com.traveljar.memories.currentjourney.JourneyInfoFriendsList
ADDED from AndroidManifest.xml:141:9
	android:label
		ADDED from AndroidManifest.xml:144:13
	android:name
		ADDED from AndroidManifest.xml:142:13
activity#com.traveljar.memories.newjourney.AddLap
ADDED from AndroidManifest.xml:145:9
	android:label
		ADDED from AndroidManifest.xml:148:13
	android:name
		ADDED from AndroidManifest.xml:146:13
activity#com.traveljar.memories.newjourney.LapsList
ADDED from AndroidManifest.xml:149:9
	android:label
		ADDED from AndroidManifest.xml:152:13
	android:name
		ADDED from AndroidManifest.xml:150:13
activity#com.traveljar.memories.newjourney.LocationList
ADDED from AndroidManifest.xml:153:9
	android:label
		ADDED from AndroidManifest.xml:156:13
	android:name
		ADDED from AndroidManifest.xml:154:13
activity#com.traveljar.memories.profile.ProfileActivity
ADDED from AndroidManifest.xml:157:9
	android:label
		ADDED from AndroidManifest.xml:160:13
	android:name
		ADDED from AndroidManifest.xml:158:13
activity#com.traveljar.memories.profile.ChangePassword
ADDED from AndroidManifest.xml:161:9
	android:label
		ADDED from AndroidManifest.xml:164:13
	android:name
		ADDED from AndroidManifest.xml:162:13
activity#com.traveljar.memories.audio.AudioDetail
ADDED from AndroidManifest.xml:165:9
	android:label
		ADDED from AndroidManifest.xml:168:13
	android:name
		ADDED from AndroidManifest.xml:166:13
activity#com.traveljar.memories.video.CaptureVideo
ADDED from AndroidManifest.xml:170:9
	android:label
		ADDED from AndroidManifest.xml:173:13
	android:name
		ADDED from AndroidManifest.xml:171:13
activity#com.traveljar.memories.video.VideoDetail
ADDED from AndroidManifest.xml:174:9
	android:label
		ADDED from AndroidManifest.xml:177:13
	android:name
		ADDED from AndroidManifest.xml:175:13
activity#com.traveljar.memories.video.VideoPreview
ADDED from AndroidManifest.xml:178:9
	android:label
		ADDED from AndroidManifest.xml:181:13
	android:name
		ADDED from AndroidManifest.xml:179:13
activity#com.traveljar.memories.gallery.GalleryVideos
ADDED from AndroidManifest.xml:182:9
	android:label
		ADDED from AndroidManifest.xml:185:13
	android:name
		ADDED from AndroidManifest.xml:183:13
activity#com.traveljar.memories.note.CreateNotes
ADDED from AndroidManifest.xml:186:9
	android:label
		ADDED from AndroidManifest.xml:189:13
	android:name
		ADDED from AndroidManifest.xml:187:13
activity#com.traveljar.memories.note.NoteDetail
ADDED from AndroidManifest.xml:190:9
	android:label
		ADDED from AndroidManifest.xml:193:13
	android:name
		ADDED from AndroidManifest.xml:191:13
activity#com.traveljar.memories.gallery.GalleryNotes
ADDED from AndroidManifest.xml:194:9
	android:label
		ADDED from AndroidManifest.xml:197:13
	android:name
		ADDED from AndroidManifest.xml:195:13
activity#com.traveljar.memories.moods.MoodSelectFriends
ADDED from AndroidManifest.xml:198:9
	android:label
		ADDED from AndroidManifest.xml:201:13
	android:name
		ADDED from AndroidManifest.xml:199:13
activity#com.traveljar.memories.moods.MoodDetail
ADDED from AndroidManifest.xml:202:9
	android:label
		ADDED from AndroidManifest.xml:205:13
	android:name
		ADDED from AndroidManifest.xml:203:13
activity#com.traveljar.memories.activejourney.ActivejourneyList
ADDED from AndroidManifest.xml:207:9
	android:label
		ADDED from AndroidManifest.xml:210:13
	android:name
		ADDED from AndroidManifest.xml:208:13
activity#com.traveljar.memories.currentjourney.JourneyInfo
ADDED from AndroidManifest.xml:212:9
	android:label
		ADDED from AndroidManifest.xml:215:13
	android:name
		ADDED from AndroidManifest.xml:213:13
activity#com.traveljar.memories.picture.DisplayPicture
ADDED from AndroidManifest.xml:217:9
	android:label
		ADDED from AndroidManifest.xml:220:13
	android:name
		ADDED from AndroidManifest.xml:218:13
activity#com.traveljar.memories.settings.Settings
ADDED from AndroidManifest.xml:222:9
	android:label
		ADDED from AndroidManifest.xml:225:13
	android:name
		ADDED from AndroidManifest.xml:223:13
activity#com.traveljar.memories.settings.AccountSettings
ADDED from AndroidManifest.xml:227:9
	android:label
		ADDED from AndroidManifest.xml:230:13
	android:name
		ADDED from AndroidManifest.xml:228:13
activity#com.traveljar.memories.currentjourney.TimecapsulePlayer
ADDED from AndroidManifest.xml:232:9
	android:screenOrientation
		ADDED from AndroidManifest.xml:234:13
	android:label
		ADDED from AndroidManifest.xml:235:13
	android:name
		ADDED from AndroidManifest.xml:233:13
activity#com.traveljar.memories.media.CaptureMedia
ADDED from AndroidManifest.xml:237:9
	android:label
		ADDED from AndroidManifest.xml:239:13
	android:name
		ADDED from AndroidManifest.xml:238:13
service#com.traveljar.memories.services.PullContactsService
ADDED from AndroidManifest.xml:242:9
	android:exported
		ADDED from AndroidManifest.xml:244:13
	android:name
		ADDED from AndroidManifest.xml:243:13
service#com.traveljar.memories.services.MakeServerRequestsService
ADDED from AndroidManifest.xml:246:9
	android:exported
		ADDED from AndroidManifest.xml:248:13
	android:name
		ADDED from AndroidManifest.xml:247:13
receiver#com.traveljar.memories.utility.SMSReceiver
ADDED from AndroidManifest.xml:251:9
	android:enabled
		ADDED from AndroidManifest.xml:253:13
	android:exported
		ADDED from AndroidManifest.xml:254:13
	android:name
		ADDED from AndroidManifest.xml:252:13
intent-filter#android.provider.Telephony.SMS_RECEIVED
ADDED from AndroidManifest.xml:255:13
	android:priority
		ADDED from AndroidManifest.xml:255:28
action#android.provider.Telephony.SMS_RECEIVED
ADDED from AndroidManifest.xml:256:17
	android:name
		ADDED from AndroidManifest.xml:256:25
meta-data#com.google.android.gms.version
ADDED from AndroidManifest.xml:260:9
	android:value
		ADDED from AndroidManifest.xml:262:13
	android:name
		ADDED from AndroidManifest.xml:261:13
receiver#com.traveljar.memories.gcm.GcmBroadcastReceiver
ADDED from AndroidManifest.xml:271:9
	android:permission
		ADDED from AndroidManifest.xml:273:13
	android:name
		ADDED from AndroidManifest.xml:272:13
intent-filter#com.example.memories+com.google.android.c2dm.intent.RECEIVE+com.google.android.c2dm.intent.REGISTRATION
ADDED from AndroidManifest.xml:274:13
action#com.google.android.c2dm.intent.RECEIVE
ADDED from AndroidManifest.xml:277:17
	android:name
		ADDED from AndroidManifest.xml:277:25
action#com.google.android.c2dm.intent.REGISTRATION
ADDED from AndroidManifest.xml:279:17
	android:name
		ADDED from AndroidManifest.xml:279:25
category#com.example.memories
ADDED from AndroidManifest.xml:281:17
	android:name
		ADDED from AndroidManifest.xml:281:27
receiver#com.traveljar.memories.services.NetworkStateBroadCastReceiver
ADDED from AndroidManifest.xml:285:9
	android:label
		ADDED from AndroidManifest.xml:286:13
	android:name
		ADDED from AndroidManifest.xml:285:19
intent-filter#android.net.conn.CONNECTIVITY_CHANGE
ADDED from AndroidManifest.xml:287:13
action#android.net.conn.CONNECTIVITY_CHANGE
ADDED from AndroidManifest.xml:288:17
	android:name
		ADDED from AndroidManifest.xml:288:25
service#com.traveljar.memories.gcm.GcmIntentService
ADDED from AndroidManifest.xml:298:9
	android:name
		ADDED from AndroidManifest.xml:298:18
service#com.squareup.leakcanary.internal.HeapAnalyzerService
ADDED from com.squareup.leakcanary:leakcanary-android:1.3.1:28:9
	android:enabled
		ADDED from com.squareup.leakcanary:leakcanary-android:1.3.1:30:13
	android:process
		ADDED from com.squareup.leakcanary:leakcanary-android:1.3.1:31:13
	android:name
		ADDED from com.squareup.leakcanary:leakcanary-android:1.3.1:29:13
service#com.squareup.leakcanary.DisplayLeakService
ADDED from com.squareup.leakcanary:leakcanary-android:1.3.1:32:9
	android:enabled
		ADDED from com.squareup.leakcanary:leakcanary-android:1.3.1:34:13
	android:name
		ADDED from com.squareup.leakcanary:leakcanary-android:1.3.1:33:13
activity#com.squareup.leakcanary.internal.DisplayLeakActivity
ADDED from com.squareup.leakcanary:leakcanary-android:1.3.1:36:9
	android:enabled
		ADDED from com.squareup.leakcanary:leakcanary-android:1.3.1:38:13
	android:label
		ADDED from com.squareup.leakcanary:leakcanary-android:1.3.1:40:13
	android:icon
		ADDED from com.squareup.leakcanary:leakcanary-android:1.3.1:39:13
	android:theme
		ADDED from com.squareup.leakcanary:leakcanary-android:1.3.1:42:13
	android:taskAffinity
		ADDED from com.squareup.leakcanary:leakcanary-android:1.3.1:41:13
	android:name
		ADDED from com.squareup.leakcanary:leakcanary-android:1.3.1:37:13